<?xml version="1.0" encoding="UTF-8"?>
<!-- Generated by org.testng.reporters.JUnitReportReporter -->
<testsuite hostname="DESKTOP-SUIP5HI" failures="0" tests="1" name="TestngFrameWork.Tests.TestCase" time="13.234" errors="0" timestamp="2023-05-05T08:59:53 IST" skipped="0">
  <testcase classname="TestngFrameWork.Tests.TestCase" name="test4" time="13.234"/>
  <system-out/>
</testsuite> <!-- TestngFrameWork.Tests.TestCase -->
